#
# There is insufficient memory for the Java Runtime Environment to continue.
# Native memory allocation (malloc) failed to allocate 32744 bytes for ChunkPool::allocate
# Possible reasons:
#   The system is out of physical RAM or swap space
#   The process is running with CompressedOops enabled, and the Java Heap may be blocking the growth of the native heap
# Possible solutions:
#   Reduce memory load on the system
#   Increase physical memory or swap space
#   Check if swap backing store is full
#   Decrease Java heap size (-Xmx/-Xms)
#   Decrease number of Java threads
#   Decrease Java thread stack sizes (-Xss)
#   Set larger code cache with -XX:ReservedCodeCacheSize=
#   JVM is running with Unscaled Compressed Oops mode in which the Java heap is
#     placed in the first 4GB address space. The Java Heap base address is the
#     maximum limit for the native heap growth. Please use -XX:HeapBaseMinAddress
#     to set the Java Heap base and to place the Java Heap above 4GB virtual address.
# This output file may be truncated or incomplete.
#
#  Out of Memory Error (./src/hotspot/share/memory/arena.cpp:81), pid=9184, tid=900
#
# JRE version: OpenJDK Runtime Environment (11.0.10) (build 11.0.10+0-b96-7249189)
# Java VM: OpenJDK 64-Bit Server VM (11.0.10+0-b96-7249189, mixed mode, tiered, compressed oops, g1 gc, windows-amd64)
# No core dump will be written. Minidumps are not enabled by default on client versions of Windows
#

---------------  S U M M A R Y ------------

Command Line: -Dorg.gradle.appname=gradlew org.gradle.wrapper.GradleWrapperMain -q -Ptarget-platform=android-arm64 -Ptarget=D:\Flutter Insigniapp\digitaez-office-app\lib\main.dart -Pbase-application-name=android.app.Application -Pdart-defines=Zmx1dHRlci5pbnNwZWN0b3Iuc3RydWN0dXJlZEVycm9ycz10cnVl,RkxVVFRFUl9XRUJfQVVUT19ERVRFQ1Q9dHJ1ZQ== -Pdart-obfuscation=false -Ptrack-widget-creation=true -Ptree-shake-icons=false -Pfilesystem-scheme=org-dartlang-root assembleDebug

Host: Intel(R) Core(TM) i5-6300U CPU @ 2.40GHz, 4 cores, 7G,  Windows 10 , 64 bit Build 22000 (10.0.22000.434)
Time: Thu Apr  7 14:55:40 2022 Pakistan Standard Time elapsed time: 5.920219 seconds (0d 0h 0m 5s)

---------------  T H R E A D  ---------------

Current thread (0x00000250e2273000):  JavaThread "C2 CompilerThread0" daemon [_thread_in_native, id=900, stack(0x000000e047000000,0x000000e047100000)]


Current CompileTask:
C2:   5920 1047       4       jdk.internal.jimage.ImageStringsReader::unmaskedHashCode (173 bytes)

Stack: [0x000000e047000000,0x000000e047100000]
Native frames: (J=compiled Java code, j=interpreted, Vv=VM code, C=native code)
V  [jvm.dll+0x5ecfaa]
V  [jvm.dll+0x722bd5]
V  [jvm.dll+0x72412d]
V  [jvm.dll+0x7247e3]
V  [jvm.dll+0x242928]
V  [jvm.dll+0xbc75b]
V  [jvm.dll+0xbca0c]
V  [jvm.dll+0x2b4fd4]
V  [jvm.dll+0x506028]
V  [jvm.dll+0x203253]
V  [jvm.dll+0x1fd07c]
V  [jvm.dll+0x1fa77f]
V  [jvm.dll+0x18354c]
V  [jvm.dll+0x208ee7]
V  [jvm.dll+0x207731]
V  [jvm.dll+0x6eb1cf]
V  [jvm.dll+0x6e3d45]
V  [jvm.dll+0x5ebe96]
C  [ucrtbase.dll+0x26c0c]
C  [KERNEL32.DLL+0x154e0]
C  [ntdll.dll+0x485b]


---------------  P R O C E S S  ---------------

Threads class SMR info:
_java_thread_list=0x00000250e2c56450, length=11, elements={
0x00000250c7fdf000, 0x00000250e18dc800, 0x00000250e18dd800, 0x00000250e226a000,
0x00000250e226c000, 0x00000250e226d000, 0x00000250e2273000, 0x00000250e1905000,
0x00000250e1906000, 0x00000250e23c6800, 0x00000250e305c800
}

Java Threads: ( => current thread )
  0x00000250c7fdf000 JavaThread "main" [_thread_blocked, id=6940, stack(0x000000e046400000,0x000000e046500000)]
  0x00000250e18dc800 JavaThread "Reference Handler" daemon [_thread_blocked, id=13480, stack(0x000000e046b00000,0x000000e046c00000)]
  0x00000250e18dd800 JavaThread "Finalizer" daemon [_thread_blocked, id=17200, stack(0x000000e046c00000,0x000000e046d00000)]
  0x00000250e226a000 JavaThread "Signal Dispatcher" daemon [_thread_blocked, id=15932, stack(0x000000e046d00000,0x000000e046e00000)]
  0x00000250e226c000 JavaThread "Attach Listener" daemon [_thread_blocked, id=11876, stack(0x000000e046e00000,0x000000e046f00000)]
  0x00000250e226d000 JavaThread "Service Thread" daemon [_thread_blocked, id=6272, stack(0x000000e046f00000,0x000000e047000000)]
=>0x00000250e2273000 JavaThread "C2 CompilerThread0" daemon [_thread_in_native, id=900, stack(0x000000e047000000,0x000000e047100000)]
  0x00000250e1905000 JavaThread "C1 CompilerThread0" daemon [_thread_in_native, id=10940, stack(0x000000e047100000,0x000000e047200000)]
  0x00000250e1906000 JavaThread "Sweeper thread" daemon [_thread_blocked, id=4908, stack(0x000000e047200000,0x000000e047300000)]
  0x00000250e23c6800 JavaThread "Common-Cleaner" daemon [_thread_blocked, id=16928, stack(0x000000e047400000,0x000000e047500000)]
  0x00000250e305c800 JavaThread "pool-1-thread-1" [_thread_blocked, id=10300, stack(0x000000e047600000,0x000000e047700000)]

Other Threads:
  0x00000250e18b6800 VMThread "VM Thread" [stack: 0x000000e046a00000,0x000000e046b00000] [id=3448]
  0x00000250e23bd800 WatcherThread [stack: 0x000000e047300000,0x000000e047400000] [id=15740]
  0x00000250c7ff8800 GCTaskThread "GC Thread#0" [stack: 0x000000e046500000,0x000000e046600000] [id=15508]
  0x00000250e254e800 GCTaskThread "GC Thread#1" [stack: 0x000000e047500000,0x000000e047600000] [id=5452]
  0x00000250e3082000 GCTaskThread "GC Thread#2" [stack: 0x000000e047700000,0x000000e047800000] [id=5200]
  0x00000250e2d4f000 GCTaskThread "GC Thread#3" [stack: 0x000000e047800000,0x000000e047900000] [id=3728]
  0x00000250c8026800 ConcurrentGCThread "G1 Main Marker" [stack: 0x000000e046600000,0x000000e046700000] [id=5992]
  0x00000250c8028000 ConcurrentGCThread "G1 Conc#0" [stack: 0x000000e046700000,0x000000e046800000] [id=4064]
  0x00000250c80ac800 ConcurrentGCThread "G1 Refine#0" [stack: 0x000000e046800000,0x000000e046900000] [id=16284]
  0x00000250c80ad800 ConcurrentGCThread "G1 Young RemSet Sampling" [stack: 0x000000e046900000,0x000000e046a00000] [id=1504]

Threads with active compile tasks:
C2 CompilerThread0   5970 1047       4       jdk.internal.jimage.ImageStringsReader::unmaskedHashCode (173 bytes)
C1 CompilerThread0   5970 1049       3       jdk.internal.module.SystemModuleFinders$SystemModuleReader::find (54 bytes)

VM state:at safepoint (normal execution)

VM Mutex/Monitor currently owned by a thread:  ([mutex/lock_event])
[0x00000250c7fdc6b0] Threads_lock - owner thread: 0x00000250e18b6800
[0x00000250c7fdc8f0] Heap_lock - owner thread: 0x00000250c7fdf000

Heap address: 0x0000000085200000, size: 1966 MB, Compressed Oops mode: 32-bit
Narrow klass base: 0x0000000000000000, Narrow klass shift: 3
Compressed class space size: 1073741824 Address: 0x0000000100000000

Heap:
 garbage-first heap   total 126976K, used 9062K [0x0000000085200000, 0x0000000100000000)
  region size 1024K, 2 young (2048K), 2 survivors (2048K)
 Metaspace       used 13723K, capacity 13923K, committed 14080K, reserved 1077248K
  class space    used 1589K, capacity 1686K, committed 1792K, reserved 1048576K
Heap Regions: E=young(eden), S=young(survivor), O=old, HS=humongous(starts), HC=humongous(continues), CS=collection set, F=free, A=archive, TAMS=top-at-mark-start (previous, next)
|   0|0x0000000085200000, 0x0000000085300000, 0x0000000085300000|100%| O|  |TAMS 0x0000000085300000, 0x0000000085300000| Untracked 
|   1|0x0000000085300000, 0x00000000853ab200, 0x0000000085400000| 66%| O|  |TAMS 0x00000000853ab200, 0x00000000853ab200| Untracked 
|   2|0x0000000085400000, 0x0000000085400000, 0x0000000085500000|  0%| F|  |TAMS 0x0000000085400000, 0x0000000085400000| Untracked 
|   3|0x0000000085500000, 0x0000000085600000, 0x0000000085600000|100%|HS|  |TAMS 0x0000000085600000, 0x0000000085600000| Complete 
|   4|0x0000000085600000, 0x0000000085700000, 0x0000000085700000|100%|HC|  |TAMS 0x0000000085700000, 0x0000000085700000| Complete 
|   5|0x0000000085700000, 0x0000000085800000, 0x0000000085800000|100%|HC|  |TAMS 0x0000000085800000, 0x0000000085800000| Complete 
|   6|0x0000000085800000, 0x0000000085900000, 0x0000000085900000|100%| O|  |TAMS 0x0000000085900000, 0x0000000085900000| Untracked 
|   7|0x0000000085900000, 0x0000000085a00000, 0x0000000085a00000|100%| O|  |TAMS 0x0000000085a00000, 0x0000000085a00000| Untracked 
|   8|0x0000000085a00000, 0x0000000085b00000, 0x0000000085b00000|100%| O|  |TAMS 0x0000000085b00000, 0x0000000085b00000| Untracked 
|   9|0x0000000085b00000, 0x0000000085b00000, 0x0000000085c00000|  0%| F|  |TAMS 0x0000000085b00000, 0x0000000085b00000| Untracked 
|  10|0x0000000085c00000, 0x0000000085c00000, 0x0000000085d00000|  0%| F|  |TAMS 0x0000000085c00000, 0x0000000085c00000| Untracked 
|  11|0x0000000085d00000, 0x0000000085d00000, 0x0000000085e00000|  0%| F|  |TAMS 0x0000000085d00000, 0x0000000085d00000| Untracked 
|  12|0x0000000085e00000, 0x0000000085e00000, 0x0000000085f00000|  0%| F|  |TAMS 0x0000000085e00000, 0x0000000085e00000| Untracked 
|  13|0x0000000085f00000, 0x0000000085f00000, 0x0000000086000000|  0%| F|  |TAMS 0x0000000085f00000, 0x0000000085f00000| Untracked 
|  14|0x0000000086000000, 0x0000000086000000, 0x0000000086100000|  0%| F|  |TAMS 0x0000000086000000, 0x0000000086000000| Untracked 
|  15|0x0000000086100000, 0x0000000086100000, 0x0000000086200000|  0%| F|  |TAMS 0x0000000086100000, 0x0000000086100000| Untracked 
|  16|0x0000000086200000, 0x0000000086200000, 0x0000000086300000|  0%| F|  |TAMS 0x0000000086200000, 0x0000000086200000| Untracked 
|  17|0x0000000086300000, 0x0000000086300000, 0x0000000086400000|  0%| F|  |TAMS 0x0000000086300000, 0x0000000086300000| Untracked 
|  18|0x0000000086400000, 0x0000000086400000, 0x0000000086500000|  0%| F|  |TAMS 0x0000000086400000, 0x0000000086400000| Untracked 
|  19|0x0000000086500000, 0x0000000086500000, 0x0000000086600000|  0%| F|  |TAMS 0x0000000086500000, 0x0000000086500000| Untracked 
|  20|0x0000000086600000, 0x0000000086600000, 0x0000000086700000|  0%| F|  |TAMS 0x0000000086600000, 0x0000000086600000| Untracked 
|  21|0x0000000086700000, 0x0000000086700000, 0x0000000086800000|  0%| F|  |TAMS 0x0000000086700000, 0x0000000086700000| Untracked 
|  22|0x0000000086800000, 0x0000000086800000, 0x0000000086900000|  0%| F|  |TAMS 0x0000000086800000, 0x0000000086800000| Untracked 
|  23|0x0000000086900000, 0x0000000086900000, 0x0000000086a00000|  0%| F|  |TAMS 0x0000000086900000, 0x0000000086900000| Untracked 
|  24|0x0000000086a00000, 0x0000000086a00000, 0x0000000086b00000|  0%| F|  |TAMS 0x0000000086a00000, 0x0000000086a00000| Untracked 
|  25|0x0000000086b00000, 0x0000000086b00000, 0x0000000086c00000|  0%| F|  |TAMS 0x0000000086b00000, 0x0000000086b00000| Untracked 
|  26|0x0000000086c00000, 0x0000000086c00000, 0x0000000086d00000|  0%| F|  |TAMS 0x0000000086c00000, 0x0000000086c00000| Untracked 
|  27|0x0000000086d00000, 0x0000000086d00000, 0x0000000086e00000|  0%| F|  |TAMS 0x0000000086d00000, 0x0000000086d00000| Untracked 
|  28|0x0000000086e00000, 0x0000000086e00000, 0x0000000086f00000|  0%| F|  |TAMS 0x0000000086e00000, 0x0000000086e00000| Untracked 
|  29|0x0000000086f00000, 0x0000000086f00000, 0x0000000087000000|  0%| F|  |TAMS 0x0000000086f00000, 0x0000000086f00000| Untracked 
|  30|0x0000000087000000, 0x0000000087000000, 0x0000000087100000|  0%| F|  |TAMS 0x0000000087000000, 0x0000000087000000| Untracked 
|  31|0x0000000087100000, 0x0000000087100000, 0x0000000087200000|  0%| F|  |TAMS 0x0000000087100000, 0x0000000087100000| Untracked 
|  32|0x0000000087200000, 0x0000000087200000, 0x0000000087300000|  0%| F|  |TAMS 0x0000000087200000, 0x0000000087200000| Untracked 
|  33|0x0000000087300000, 0x0000000087300000, 0x0000000087400000|  0%| F|  |TAMS 0x0000000087300000, 0x0000000087300000| Untracked 
|  34|0x0000000087400000, 0x0000000087400000, 0x0000000087500000|  0%| F|  |TAMS 0x0000000087400000, 0x0000000087400000| Untracked 
|  35|0x0000000087500000, 0x0000000087500000, 0x0000000087600000|  0%| F|  |TAMS 0x0000000087500000, 0x0000000087500000| Untracked 
|  36|0x0000000087600000, 0x0000000087600000, 0x0000000087700000|  0%| F|  |TAMS 0x0000000087600000, 0x0000000087600000| Untracked 
|  37|0x0000000087700000, 0x0000000087700000, 0x0000000087800000|  0%| F|  |TAMS 0x0000000087700000, 0x0000000087700000| Untracked 
|  38|0x0000000087800000, 0x0000000087800000, 0x0000000087900000|  0%| F|  |TAMS 0x0000000087800000, 0x0000000087800000| Untracked 
|  39|0x0000000087900000, 0x0000000087900000, 0x0000000087a00000|  0%| F|  |TAMS 0x0000000087900000, 0x0000000087900000| Untracked 
|  40|0x0000000087a00000, 0x0000000087a00000, 0x0000000087b00000|  0%| F|  |TAMS 0x0000000087a00000, 0x0000000087a00000| Untracked 
|  41|0x0000000087b00000, 0x0000000087b00000, 0x0000000087c00000|  0%| F|  |TAMS 0x0000000087b00000, 0x0000000087b00000| Untracked 
|  42|0x0000000087c00000, 0x0000000087c00000, 0x0000000087d00000|  0%| F|  |TAMS 0x0000000087c00000, 0x0000000087c00000| Untracked 
|  43|0x0000000087d00000, 0x0000000087d00000, 0x0000000087e00000|  0%| F|  |TAMS 0x0000000087d00000, 0x0000000087d00000| Untracked 
|  44|0x0000000087e00000, 0x0000000087e00000, 0x0000000087f00000|  0%| F|  |TAMS 0x0000000087e00000, 0x0000000087e00000| Untracked 
|  45|0x0000000087f00000, 0x0000000087f00000, 0x0000000088000000|  0%| F|  |TAMS 0x0000000087f00000, 0x0000000087f00000| Untracked 
|  46|0x0000000088000000, 0x0000000088000000, 0x0000000088100000|  0%| F|  |TAMS 0x0000000088000000, 0x0000000088000000| Untracked 
|  47|0x0000000088100000, 0x0000000088100000, 0x0000000088200000|  0%| F|  |TAMS 0x0000000088100000, 0x0000000088100000| Untracked 
|  48|0x0000000088200000, 0x0000000088200000, 0x0000000088300000|  0%| F|  |TAMS 0x0000000088200000, 0x0000000088200000| Untracked 
|  49|0x0000000088300000, 0x0000000088300000, 0x0000000088400000|  0%| F|  |TAMS 0x0000000088300000, 0x0000000088300000| Untracked 
|  50|0x0000000088400000, 0x0000000088400000, 0x0000000088500000|  0%| F|  |TAMS 0x0000000088400000, 0x0000000088400000| Untracked 
|  51|0x0000000088500000, 0x0000000088500000, 0x0000000088600000|  0%| F|  |TAMS 0x0000000088500000, 0x0000000088500000| Untracked 
|  52|0x0000000088600000, 0x0000000088600000, 0x0000000088700000|  0%| F|  |TAMS 0x0000000088600000, 0x0000000088600000| Untracked 
|  53|0x0000000088700000, 0x0000000088700000, 0x0000000088800000|  0%| F|  |TAMS 0x0000000088700000, 0x0000000088700000| Untracked 
|  54|0x0000000088800000, 0x0000000088800000, 0x0000000088900000|  0%| F|  |TAMS 0x0000000088800000, 0x0000000088800000| Untracked 
|  55|0x0000000088900000, 0x0000000088900000, 0x0000000088a00000|  0%| F|  |TAMS 0x0000000088900000, 0x0000000088900000| Untracked 
|  56|0x0000000088a00000, 0x0000000088a00000, 0x0000000088b00000|  0%| F|  |TAMS 0x0000000088a00000, 0x0000000088a00000| Untracked 
|  57|0x0000000088b00000, 0x0000000088b00000, 0x0000000088c00000|  0%| F|  |TAMS 0x0000000088b00000, 0x0000000088b00000| Untracked 
|  58|0x0000000088c00000, 0x0000000088c00000, 0x0000000088d00000|  0%| F|  |TAMS 0x0000000088c00000, 0x0000000088c00000| Untracked 
|  59|0x0000000088d00000, 0x0000000088d00000, 0x0000000088e00000|  0%| F|  |TAMS 0x0000000088d00000, 0x0000000088d00000| Untracked 
|  60|0x0000000088e00000, 0x0000000088e00000, 0x0000000088f00000|  0%| F|  |TAMS 0x0000000088e00000, 0x0000000088e00000| Untracked 
|  61|0x0000000088f00000, 0x0000000088f00000, 0x0000000089000000|  0%| F|  |TAMS 0x0000000088f00000, 0x0000000088f00000| Untracked 
|  62|0x0000000089000000, 0x0000000089000000, 0x0000000089100000|  0%| F|  |TAMS 0x0000000089000000, 0x0000000089000000| Untracked 
|  63|0x0000000089100000, 0x0000000089100000, 0x0000000089200000|  0%| F|  |TAMS 0x0000000089100000, 0x0000000089100000| Untracked 
|  64|0x0000000089200000, 0x0000000089200000, 0x0000000089300000|  0%| F|  |TAMS 0x0000000089200000, 0x0000000089200000| Untracked 
|  65|0x0000000089300000, 0x0000000089300000, 0x0000000089400000|  0%| F|  |TAMS 0x0000000089300000, 0x0000000089300000| Untracked 
|  66|0x0000000089400000, 0x0000000089400000, 0x0000000089500000|  0%| F|  |TAMS 0x0000000089400000, 0x0000000089400000| Untracked 
|  67|0x0000000089500000, 0x0000000089500000, 0x0000000089600000|  0%| F|  |TAMS 0x0000000089500000, 0x0000000089500000| Untracked 
|  68|0x0000000089600000, 0x0000000089600000, 0x0000000089700000|  0%| F|  |TAMS 0x0000000089600000, 0x0000000089600000| Untracked 
|  69|0x0000000089700000, 0x0000000089700000, 0x0000000089800000|  0%| F|  |TAMS 0x0000000089700000, 0x0000000089700000| Untracked 
|  70|0x0000000089800000, 0x0000000089800000, 0x0000000089900000|  0%| F|  |TAMS 0x0000000089800000, 0x0000000089800000| Untracked 
|  71|0x0000000089900000, 0x0000000089900000, 0x0000000089a00000|  0%| F|  |TAMS 0x0000000089900000, 0x0000000089900000| Untracked 
|  72|0x0000000089a00000, 0x0000000089a00000, 0x0000000089b00000|  0%| F|  |TAMS 0x0000000089a00000, 0x0000000089a00000| Untracked 
|  73|0x0000000089b00000, 0x0000000089b00000, 0x0000000089c00000|  0%| F|  |TAMS 0x0000000089b00000, 0x0000000089b00000| Untracked 
|  74|0x0000000089c00000, 0x0000000089c00000, 0x0000000089d00000|  0%| F|  |TAMS 0x0000000089c00000, 0x0000000089c00000| Untracked 
|  75|0x0000000089d00000, 0x0000000089d00000, 0x0000000089e00000|  0%| F|  |TAMS 0x0000000089d00000, 0x0000000089d00000| Untracked 
|  76|0x0000000089e00000, 0x0000000089e00000, 0x0000000089f00000|  0%| F|  |TAMS 0x0000000089e00000, 0x0000000089e00000| Untracked 
|  77|0x0000000089f00000, 0x0000000089f00000, 0x000000008a000000|  0%| F|  |TAMS 0x0000000089f00000, 0x0000000089f00000| Untracked 
|  78|0x000000008a000000, 0x000000008a000000, 0x000000008a100000|  0%| F|  |TAMS 0x000000008a000000, 0x000000008a000000| Untracked 
|  79|0x000000008a100000, 0x000000008a100000, 0x000000008a200000|  0%| F|  |TAMS 0x000000008a100000, 0x000000008a100000| Untracked 
|  80|0x000000008a200000, 0x000000008a200000, 0x000000008a300000|  0%| F|  |TAMS 0x000000008a200000, 0x000000008a200000| Untracked 
|  81|0x000000008a300000, 0x000000008a300000, 0x000000008a400000|  0%| F|  |TAMS 0x000000008a300000, 0x000000008a300000| Untracked 
|  82|0x000000008a400000, 0x000000008a400000, 0x000000008a500000|  0%| F|  |TAMS 0x000000008a400000, 0x000000008a400000| Untracked 
|  83|0x000000008a500000, 0x000000008a500000, 0x000000008a600000|  0%| F|  |TAMS 0x000000008a500000, 0x000000008a500000| Untracked 
|  84|0x000000008a600000, 0x000000008a600000, 0x000000008a700000|  0%| F|  |TAMS 0x000000008a600000, 0x000000008a600000| Untracked 
|  85|0x000000008a700000, 0x000000008a700000, 0x000000008a800000|  0%| F|  |TAMS 0x000000008a700000, 0x000000008a700000| Untracked 
|  86|0x000000008a800000, 0x000000008a800000, 0x000000008a900000|  0%| F|  |TAMS 0x000000008a800000, 0x000000008a800000| Untracked 
|  87|0x000000008a900000, 0x000000008a900000, 0x000000008aa00000|  0%| F|  |TAMS 0x000000008a900000, 0x000000008a900000| Untracked 
|  88|0x000000008aa00000, 0x000000008aa00000, 0x000000008ab00000|  0%| F|  |TAMS 0x000000008aa00000, 0x000000008aa00000| Untracked 
|  89|0x000000008ab00000, 0x000000008ab00000, 0x000000008ac00000|  0%| F|  |TAMS 0x000000008ab00000, 0x000000008ab00000| Untracked 
|  90|0x000000008ac00000, 0x000000008ac00000, 0x000000008ad00000|  0%| F|  |TAMS 0x000000008ac00000, 0x000000008ac00000| Untracked 
|  91|0x000000008ad00000, 0x000000008ad00000, 0x000000008ae00000|  0%| F|  |TAMS 0x000000008ad00000, 0x000000008ad00000| Untracked 
|  92|0x000000008ae00000, 0x000000008ae00000, 0x000000008af00000|  0%| F|  |TAMS 0x000000008ae00000, 0x000000008ae00000| Untracked 
|  93|0x000000008af00000, 0x000000008af00000, 0x000000008b000000|  0%| F|  |TAMS 0x000000008af00000, 0x000000008af00000| Untracked 
|  94|0x000000008b000000, 0x000000008b000000, 0x000000008b100000|  0%| F|  |TAMS 0x000000008b000000, 0x000000008b000000| Untracked 
|  95|0x000000008b100000, 0x000000008b100000, 0x000000008b200000|  0%| F|  |TAMS 0x000000008b100000, 0x000000008b100000| Untracked 
|  96|0x000000008b200000, 0x000000008b200000, 0x000000008b300000|  0%| F|  |TAMS 0x000000008b200000, 0x000000008b200000| Untracked 
|  97|0x000000008b300000, 0x000000008b300000, 0x000000008b400000|  0%| F|  |TAMS 0x000000008b300000, 0x000000008b300000| Untracked 
|  98|0x000000008b400000, 0x000000008b400000, 0x000000008b500000|  0%| F|  |TAMS 0x000000008b400000, 0x000000008b400000| Untracked 
|  99|0x000000008b500000, 0x000000008b500000, 0x000000008b600000|  0%| F|  |TAMS 0x000000008b500000, 0x000000008b500000| Untracked 
| 100|0x000000008b600000, 0x000000008b600000, 0x000000008b700000|  0%| F|  |TAMS 0x000000008b600000, 0x000000008b600000| Untracked 
| 101|0x000000008b700000, 0x000000008b700000, 0x000000008b800000|  0%| F|  |TAMS 0x000000008b700000, 0x000000008b700000| Untracked 
| 102|0x000000008b800000, 0x000000008b800000, 0x000000008b900000|  0%| F|  |TAMS 0x000000008b800000, 0x000000008b800000| Untracked 
| 103|0x000000008b900000, 0x000000008b900000, 0x000000008ba00000|  0%| F|  |TAMS 0x000000008b900000, 0x000000008b900000| Untracked 
| 104|0x000000008ba00000, 0x000000008ba00000, 0x000000008bb00000|  0%| F|  |TAMS 0x000000008ba00000, 0x000000008ba00000| Untracked 
| 105|0x000000008bb00000, 0x000000008bb00000, 0x000000008bc00000|  0%| F|  |TAMS 0x000000008bb00000, 0x000000008bb00000| Untracked 
| 106|0x000000008bc00000, 0x000000008bc00000, 0x000000008bd00000|  0%| F|  |TAMS 0x000000008bc00000, 0x000000008bc00000| Untracked 
| 107|0x000000008bd00000, 0x000000008bd00000, 0x000000008be00000|  0%| F|  |TAMS 0x000000008bd00000, 0x000000008bd00000| Untracked 
| 108|0x000000008be00000, 0x000000008be00000, 0x000000008bf00000|  0%| F|  |TAMS 0x000000008be00000, 0x000000008be00000| Untracked 
| 109|0x000000008bf00000, 0x000000008bf00000, 0x000000008c000000|  0%| F|  |TAMS 0x000000008bf00000, 0x000000008bf00000| Untracked 
| 110|0x000000008c000000, 0x000000008c000000, 0x000000008c100000|  0%| F|  |TAMS 0x000000008c000000, 0x000000008c000000| Untracked 
| 111|0x000000008c100000, 0x000000008c100000, 0x000000008c200000|  0%| F|  |TAMS 0x000000008c100000, 0x000000008c100000| Untracked 
| 112|0x000000008c200000, 0x000000008c200000, 0x000000008c300000|  0%| F|  |TAMS 0x000000008c200000, 0x000000008c200000| Untracked 
| 113|0x000000008c300000, 0x000000008c300000, 0x000000008c400000|  0%| F|  |TAMS 0x000000008c300000, 0x000000008c300000| Untracked 
| 114|0x000000008c400000, 0x000000008c400000, 0x000000008c500000|  0%| F|  |TAMS 0x000000008c400000, 0x000000008c400000| Untracked 
| 115|0x000000008c500000, 0x000000008c500000, 0x000000008c600000|  0%| F|  |TAMS 0x000000008c500000, 0x000000008c500000| Untracked 
| 116|0x000000008c600000, 0x000000008c600000, 0x000000008c700000|  0%| F|  |TAMS 0x000000008c600000, 0x000000008c600000| Untracked 
| 117|0x000000008c700000, 0x000000008c700000, 0x000000008c800000|  0%| F|  |TAMS 0x000000008c700000, 0x000000008c700000| Untracked 
| 118|0x000000008c800000, 0x000000008c800000, 0x000000008c900000|  0%| F|  |TAMS 0x000000008c800000, 0x000000008c800000| Untracked 
| 119|0x000000008c900000, 0x000000008c900000, 0x000000008ca00000|  0%| F|  |TAMS 0x000000008c900000, 0x000000008c900000| Untracked 
| 120|0x000000008ca00000, 0x000000008ca2e6e0, 0x000000008cb00000| 18%| S|CS|TAMS 0x000000008ca00000, 0x000000008ca00000| Complete 
| 121|0x000000008cb00000, 0x000000008cc00000, 0x000000008cc00000|100%| S|CS|TAMS 0x000000008cb00000, 0x000000008cb00000| Complete 
| 122|0x000000008cc00000, 0x000000008cc00000, 0x000000008cd00000|  0%| F|  |TAMS 0x000000008cc00000, 0x000000008cc00000| Untracked 
| 123|0x000000008cd00000, 0x000000008cd00000, 0x000000008ce00000|  0%| F|  |TAMS 0x000000008cd00000, 0x000000008cd00000| Untracked 

Card table byte_map: [0x00000250daeb0000,0x00000250db290000] _byte_map_base: 0x00000250daa87000

Marking Bits (Prev, Next): (CMBitMap*) 0x00000250c801e240, (CMBitMap*) 0x00000250c801e208
 Prev Bits: [0x00000250dd530000, 0x00000250df3e8000)
 Next Bits: [0x00000250db670000, 0x00000250dd528000)

Polling page: 0x00000250c5d30000

Metaspace:

Usage:
  Non-class:     11.95 MB capacity,    11.85 MB (>99%) used,    85.15 KB ( <1%) free+waste,    17.63 KB ( <1%) overhead. 
      Class:      1.65 MB capacity,     1.55 MB ( 94%) used,    87.64 KB (  5%) free+waste,     8.75 KB ( <1%) overhead. 
       Both:     13.60 MB capacity,    13.40 MB ( 99%) used,   172.79 KB (  1%) free+waste,    26.38 KB ( <1%) overhead. 

Virtual space:
  Non-class space:       28.00 MB reserved,      12.00 MB ( 43%) committed 
      Class space:        1.00 GB reserved,       1.75 MB ( <1%) committed 
             Both:        1.03 GB reserved,      13.75 MB (  1%) committed 

Chunk freelists:
   Non-Class:  51.00 KB
       Class:  10.00 KB
        Both:  61.00 KB

MaxMetaspaceSize: 17179869184.00 GB
CompressedClassSpaceSize: 1.00 GB

CodeHeap 'non-profiled nmethods': size=120064Kb used=358Kb max_used=358Kb free=119706Kb
 bounds [0x00000250d3590000, 0x00000250d3800000, 0x00000250daad0000]
CodeHeap 'profiled nmethods': size=120000Kb used=1845Kb max_used=1845Kb free=118154Kb
 bounds [0x00000250cc060000, 0x00000250cc2d0000, 0x00000250d3590000]
CodeHeap 'non-nmethods': size=5696Kb used=1090Kb max_used=1095Kb free=4606Kb
 bounds [0x00000250cbad0000, 0x00000250cbd40000, 0x00000250cc060000]
 total_blobs=1449 nmethods=1045 adapters=316
 compilation: enabled
              stopped_count=0, restarted_count=0
 full_count=0

Compilation events (20 events):
Event: 5.897 Thread 0x00000250e1905000 1040       3       java.io.BufferedInputStream::getBufIfOpen (21 bytes)
Event: 5.897 Thread 0x00000250e1905000 nmethod 1040 0x00000250cc229990 code [0x00000250cc229b60, 0x00000250cc229d68]
Event: 5.897 Thread 0x00000250e1905000 1041  s    3       java.io.BufferedInputStream::read (49 bytes)
Event: 5.898 Thread 0x00000250e1905000 nmethod 1041 0x00000250cc229e90 code [0x00000250cc22a080, 0x00000250cc22a5b8]
Event: 5.900 Thread 0x00000250e1905000 1042       3       java.util.HashMap$ValueIterator::next (8 bytes)
Event: 5.900 Thread 0x00000250e1905000 nmethod 1042 0x00000250cc22a790 code [0x00000250cc22a940, 0x00000250cc22aa68]
Event: 5.905 Thread 0x00000250e1905000 1043       3       java.util.regex.Pattern$GroupHead::match (47 bytes)
Event: 5.905 Thread 0x00000250e1905000 nmethod 1043 0x00000250cc22ab10 code [0x00000250cc22ace0, 0x00000250cc22af28]
Event: 5.905 Thread 0x00000250e1905000 1044       3       java.util.regex.Matcher::groupCount (10 bytes)
Event: 5.905 Thread 0x00000250e1905000 nmethod 1044 0x00000250cc22b110 code [0x00000250cc22b2c0, 0x00000250cc22b3d8]
Event: 5.905 Thread 0x00000250e1905000 1045       3       java.util.Formatter$Flags::contains (22 bytes)
Event: 5.906 Thread 0x00000250e1905000 nmethod 1045 0x00000250cc22b490 code [0x00000250cc22b640, 0x00000250cc22b7f8]
Event: 5.907 Thread 0x00000250e1905000 1046       3       java.util.regex.Matcher::start (65 bytes)
Event: 5.908 Thread 0x00000250e1905000 nmethod 1046 0x00000250cc22b890 code [0x00000250cc22bb20, 0x00000250cc22c568]
Event: 5.915 Thread 0x00000250e2273000 1047       4       jdk.internal.jimage.ImageStringsReader::unmaskedHashCode (173 bytes)
Event: 5.915 Thread 0x00000250e1905000 1048       3       jdk.internal.loader.BuiltinClassLoader::moduleReaderFor (45 bytes)
Event: 5.915 Thread 0x00000250e1905000 nmethod 1048 0x00000250cc22c990 code [0x00000250cc22cba0, 0x00000250cc22d258]
Event: 5.915 Thread 0x00000250e1905000 1051       3       java.nio.ByteOrder::nativeOrder (4 bytes)
Event: 5.916 Thread 0x00000250e1905000 nmethod 1051 0x00000250cc22d410 code [0x00000250cc22d5c0, 0x00000250cc22d6b8]
Event: 5.916 Thread 0x00000250e1905000 1049       3       jdk.internal.module.SystemModuleFinders$SystemModuleReader::find (54 bytes)

GC Heap History (6 events):
Event: 3.088 GC heap before
{Heap before GC invocations=0 (full 0):
 garbage-first heap   total 126976K, used 19456K [0x0000000085200000, 0x0000000100000000)
  region size 1024K, 14 young (14336K), 0 survivors (0K)
 Metaspace       used 8082K, capacity 8273K, committed 8576K, reserved 1056768K
  class space    used 738K, capacity 818K, committed 896K, reserved 1048576K
}
Event: 3.104 GC heap after
{Heap after GC invocations=1 (full 0):
 garbage-first heap   total 126976K, used 7769K [0x0000000085200000, 0x0000000100000000)
  region size 1024K, 2 young (2048K), 2 survivors (2048K)
 Metaspace       used 8082K, capacity 8273K, committed 8576K, reserved 1056768K
  class space    used 738K, capacity 818K, committed 896K, reserved 1048576K
}
Event: 4.305 GC heap before
{Heap before GC invocations=1 (full 0):
 garbage-first heap   total 126976K, used 19033K [0x0000000085200000, 0x0000000100000000)
  region size 1024K, 13 young (13312K), 2 survivors (2048K)
 Metaspace       used 11499K, capacity 11722K, committed 11904K, reserved 1060864K
  class space    used 1265K, capacity 1333K, committed 1408K, reserved 1048576K
}
Event: 4.345 GC heap after
{Heap after GC invocations=2 (full 0):
 garbage-first heap   total 126976K, used 8644K [0x0000000085200000, 0x0000000100000000)
  region size 1024K, 1 young (1024K), 1 survivors (1024K)
 Metaspace       used 11499K, capacity 11722K, committed 11904K, reserved 1060864K
  class space    used 1265K, capacity 1333K, committed 1408K, reserved 1048576K
}
Event: 5.855 GC heap before
{Heap before GC invocations=2 (full 0):
 garbage-first heap   total 126976K, used 13764K [0x0000000085200000, 0x0000000100000000)
  region size 1024K, 7 young (7168K), 1 survivors (1024K)
 Metaspace       used 13406K, capacity 13635K, committed 13696K, reserved 1067008K
  class space    used 1543K, capacity 1654K, committed 1664K, reserved 1048576K
}
Event: 5.859 GC heap after
{Heap after GC invocations=3 (full 0):
 garbage-first heap   total 126976K, used 8946K [0x0000000085200000, 0x0000000100000000)
  region size 1024K, 2 young (2048K), 2 survivors (2048K)
 Metaspace       used 13406K, capacity 13635K, committed 13696K, reserved 1067008K
  class space    used 1543K, capacity 1654K, committed 1664K, reserved 1048576K
}

Deoptimization events (20 events):
Event: 3.344 Thread 0x00000250c7fdf000 Uncommon trap: trap_request=0xffffffde fr.pc=0x00000250d35ad4f0 relative=0x00000000000003d0
Event: 3.344 Thread 0x00000250c7fdf000 Uncommon trap: reason=class_check action=maybe_recompile pc=0x00000250d35ad4f0 method=java.util.regex.Matcher.match(II)Z @ 121 c2
Event: 3.344 Thread 0x00000250c7fdf000 DEOPT PACKING pc=0x00000250d35ad4f0 sp=0x000000e0464fdd40
Event: 3.344 Thread 0x00000250c7fdf000 DEOPT UNPACKING pc=0x00000250cbaf78af sp=0x000000e0464fdce8 mode 2
Event: 3.344 Thread 0x00000250c7fdf000 Uncommon trap: trap_request=0xffffffde fr.pc=0x00000250d35ad4f0 relative=0x00000000000003d0
Event: 3.344 Thread 0x00000250c7fdf000 Uncommon trap: reason=class_check action=maybe_recompile pc=0x00000250d35ad4f0 method=java.util.regex.Matcher.match(II)Z @ 121 c2
Event: 3.344 Thread 0x00000250c7fdf000 DEOPT PACKING pc=0x00000250d35ad4f0 sp=0x000000e0464fdbc0
Event: 3.344 Thread 0x00000250c7fdf000 DEOPT UNPACKING pc=0x00000250cbaf78af sp=0x000000e0464fdb68 mode 2
Event: 3.344 Thread 0x00000250c7fdf000 Uncommon trap: trap_request=0xffffffde fr.pc=0x00000250d35ad4f0 relative=0x00000000000003d0
Event: 3.344 Thread 0x00000250c7fdf000 Uncommon trap: reason=class_check action=maybe_recompile pc=0x00000250d35ad4f0 method=java.util.regex.Matcher.match(II)Z @ 121 c2
Event: 3.344 Thread 0x00000250c7fdf000 DEOPT PACKING pc=0x00000250d35ad4f0 sp=0x000000e0464fdbc0
Event: 3.344 Thread 0x00000250c7fdf000 DEOPT UNPACKING pc=0x00000250cbaf78af sp=0x000000e0464fdb68 mode 2
Event: 4.603 Thread 0x00000250c7fdf000 DEOPT PACKING pc=0x00000250cc0f837f sp=0x000000e0464f92d0
Event: 4.603 Thread 0x00000250c7fdf000 DEOPT UNPACKING pc=0x00000250cbaf76ce sp=0x000000e0464f8720 mode 0
Event: 4.604 Thread 0x00000250c7fdf000 Uncommon trap: trap_request=0xffffff4d fr.pc=0x00000250d35d99f0 relative=0x00000000000001b0
Event: 4.604 Thread 0x00000250c7fdf000 Uncommon trap: reason=unstable_if action=reinterpret pc=0x00000250d35d99f0 method=java.util.HashMap.getNode(ILjava/lang/Object;)Ljava/util/HashMap$Node; @ 129 c2
Event: 4.604 Thread 0x00000250c7fdf000 DEOPT PACKING pc=0x00000250d35d99f0 sp=0x000000e0464fb3f0
Event: 4.604 Thread 0x00000250c7fdf000 DEOPT UNPACKING pc=0x00000250cbaf78af sp=0x000000e0464fb2f0 mode 2
Event: 5.159 Thread 0x00000250c7fdf000 DEOPT PACKING pc=0x00000250cc129330 sp=0x000000e0464f9a10
Event: 5.159 Thread 0x00000250c7fdf000 DEOPT UNPACKING pc=0x00000250cbaf76ce sp=0x000000e0464f8f28 mode 0

Classes redefined (0 events):
No events

Internal exceptions (10 events):
Event: 2.022 Thread 0x00000250c7fdf000 Exception <a 'java/lang/NoSuchMethodError'{0x000000008cc8a060}: 'int java.lang.invoke.DirectMethodHandle$Holder.invokeSpecialIFC(java.lang.Object, java.lang.Object, int)'> (0x000000008cc8a060) thrown at [./src/hotspot/share/interpreter/linkResolver.cpp, line 773]
Event: 2.276 Thread 0x00000250c7fdf000 Exception <a 'java/lang/NoSuchMethodError'{0x000000008ca0dc00}: 'int java.lang.invoke.DirectMethodHandle$Holder.invokeStaticInit(java.lang.Object, java.lang.Object)'> (0x000000008ca0dc00) thrown at [./src/hotspot/share/interpreter/linkResolver.cpp, line 773]
Event: 2.419 Thread 0x00000250c7fdf000 Exception <a 'java/lang/NoSuchMethodError'{0x000000008cacaa98}: 'int java.lang.invoke.DirectMethodHandle$Holder.invokeSpecial(java.lang.Object, java.lang.Object, java.lang.Object, java.lang.Object)'> (0x000000008cacaa98) thrown at [./src/hotspot/share/interpreter/linkResolver.cpp, line 773]
Event: 3.521 Thread 0x00000250c7fdf000 Exception <a 'java/lang/NoClassDefFoundError'{0x000000008c99eed8}: org/slf4j/impl/StaticMarkerBinder> (0x000000008c99eed8) thrown at [./src/hotspot/share/classfile/systemDictionary.cpp, line 220]
Event: 3.550 Thread 0x00000250c7fdf000 Exception <a 'java/lang/NoSuchMethodError'{0x000000008c8374e8}: 'java.lang.Object java.lang.invoke.DirectMethodHandle$Holder.invokeVirtual(java.lang.Object, java.lang.Object, java.lang.Object, java.lang.Object, java.lang.Object)'> (0x000000008c8374e8) thrown at [./src/hotspot/share/interpreter/linkResolver.cpp, line 773]
Event: 3.888 Thread 0x00000250c7fdf000 Exception <a 'java/lang/NoSuchMethodError'{0x000000008c5c7f80}: 'java.lang.Object java.lang.invoke.Invokers$Holder.invoker(java.lang.Object, java.lang.Object, java.lang.Object, java.lang.Object, java.lang.Object)'> (0x000000008c5c7f80) thrown at [./src/hotspot/share/interpreter/linkResolver.cpp, line 773]
Event: 3.900 Thread 0x00000250c7fdf000 Exception <a 'java/lang/NoSuchMethodError'{0x000000008c5d8ce8}: 'void java.lang.invoke.DelegatingMethodHandle$Holder.delegate(java.lang.Object, java.lang.Object, int, java.lang.Object)'> (0x000000008c5d8ce8) thrown at [./src/hotspot/share/interpreter/linkResolver.cpp, line 773]
Event: 4.455 Thread 0x00000250c7fdf000 Exception <a 'java/lang/NoSuchMethodError'{0x000000008cc5c398}: 'java.lang.Object java.lang.invoke.DirectMethodHandle$Holder.invokeStaticInit(java.lang.Object, java.lang.Object, java.lang.Object)'> (0x000000008cc5c398) thrown at [./src/hotspot/share/interpreter/linkResolver.cpp, line 773]
Event: 4.662 Thread 0x00000250c7fdf000 Exception <a 'java/lang/NoSuchMethodError'{0x000000008c881c00}: 'java.lang.Object java.lang.invoke.DirectMethodHandle$Holder.invokeStaticInit(java.lang.Object, int, int, int, int)'> (0x000000008c881c00) thrown at [./src/hotspot/share/interpreter/linkResolver.cpp, line 773]
Event: 5.151 Thread 0x00000250c7fdf000 Exception <a 'java/lang/NoSuchMethodError'{0x000000008c8b7918}: 'java.lang.Object java.lang.invoke.DirectMethodHandle$Holder.invokeStaticInit(java.lang.Object, java.lang.Object, int, int, int, int)'> (0x000000008c8b7918) thrown at [./src/hotspot/share/interpreter/linkResolver.cpp, line 773]

Events (20 events):
Event: 5.912 loading class org/gradle/internal/operations/BuildOperationMetadata done
Event: 5.913 loading class java/nio/channels/SocketChannel
Event: 5.913 loading class java/nio/channels/NetworkChannel
Event: 5.913 loading class java/nio/channels/NetworkChannel done
Event: 5.913 loading class java/nio/channels/spi/AbstractSelectableChannel
Event: 5.914 loading class java/nio/channels/SelectableChannel
Event: 5.914 loading class java/nio/channels/SelectableChannel done
Event: 5.914 loading class java/nio/channels/spi/AbstractSelectableChannel done
Event: 5.914 loading class java/nio/channels/SocketChannel done
Event: 5.914 loading class java/nio/channels/spi/SelectorProvider
Event: 5.914 loading class java/nio/channels/spi/SelectorProvider done
Event: 5.914 loading class java/nio/channels/spi/SelectorProvider$1
Event: 5.914 loading class java/nio/channels/spi/SelectorProvider$1 done
Event: 5.916 loading class sun/nio/ch/DefaultSelectorProvider
Event: 5.916 loading class sun/nio/ch/DefaultSelectorProvider done
Event: 5.916 loading class sun/nio/ch/WindowsSelectorProvider
Event: 5.916 loading class sun/nio/ch/SelectorProviderImpl
Event: 5.917 loading class sun/nio/ch/SelectorProviderImpl done
Event: 5.917 loading class sun/nio/ch/WindowsSelectorProvider done
Event: 5.917 loading class sun/nio/ch/SocketChannelImpl


Dynamic libraries:
0x00007ff7ba0f0000 - 0x00007ff7ba0fa000 	C:\Program Files\Android\Android Studio\jre\bin\java.exe
0x00007ffd1ac60000 - 0x00007ffd1ae69000 	C:\WINDOWS\SYSTEM32\ntdll.dll
0x00007ffd19ad0000 - 0x00007ffd19b8d000 	C:\WINDOWS\System32\KERNEL32.DLL
0x00007ffd182e0000 - 0x00007ffd18654000 	C:\WINDOWS\System32\KERNELBASE.dll
0x00007ffd18920000 - 0x00007ffd18a31000 	C:\WINDOWS\System32\ucrtbase.dll
0x00007ffd121e0000 - 0x00007ffd121f9000 	C:\Program Files\Android\Android Studio\jre\bin\jli.dll
0x00007ffd09c30000 - 0x00007ffd09c47000 	C:\Program Files\Android\Android Studio\jre\bin\VCRUNTIME140.dll
0x00007ffd1aa70000 - 0x00007ffd1ac1c000 	C:\WINDOWS\System32\USER32.dll
0x00007ffd18780000 - 0x00007ffd187a6000 	C:\WINDOWS\System32\win32u.dll
0x00007ffd027b0000 - 0x00007ffd02a55000 	C:\WINDOWS\WinSxS\amd64_microsoft.windows.common-controls_6595b64144ccf1df_6.0.22000.120_none_9d947278b86cc467\COMCTL32.dll
0x00007ffd19ba0000 - 0x00007ffd19bc9000 	C:\WINDOWS\System32\GDI32.dll
0x00007ffd18660000 - 0x00007ffd18772000 	C:\WINDOWS\System32\gdi32full.dll
0x00007ffd18240000 - 0x00007ffd182dd000 	C:\WINDOWS\System32\msvcp_win.dll
0x00007ffd19090000 - 0x00007ffd19133000 	C:\WINDOWS\System32\msvcrt.dll
0x00007ffd19bf0000 - 0x00007ffd19c21000 	C:\WINDOWS\System32\IMM32.DLL
0x00007ffcfd190000 - 0x00007ffcfd22d000 	C:\Program Files\Android\Android Studio\jre\bin\msvcp140.dll
0x00007ffce3840000 - 0x00007ffce430f000 	C:\Program Files\Android\Android Studio\jre\bin\server\jvm.dll
0x00007ffd194e0000 - 0x00007ffd1958e000 	C:\WINDOWS\System32\ADVAPI32.dll
0x00007ffd1a9d0000 - 0x00007ffd1aa6e000 	C:\WINDOWS\System32\sechost.dll
0x00007ffd18b10000 - 0x00007ffd18c30000 	C:\WINDOWS\System32\RPCRT4.dll
0x00007ffd19be0000 - 0x00007ffd19be8000 	C:\WINDOWS\System32\PSAPI.DLL
0x00007ffd16040000 - 0x00007ffd16049000 	C:\WINDOWS\SYSTEM32\WSOCK32.dll
0x00007ffd18e50000 - 0x00007ffd18ebf000 	C:\WINDOWS\System32\WS2_32.dll
0x00007ffd11c20000 - 0x00007ffd11c53000 	C:\WINDOWS\SYSTEM32\WINMM.dll
0x00007ffd0f250000 - 0x00007ffd0f25a000 	C:\WINDOWS\SYSTEM32\VERSION.dll
0x00007ffd17340000 - 0x00007ffd17358000 	C:\WINDOWS\SYSTEM32\kernel.appcore.dll
0x00007ffd09ac0000 - 0x00007ffd09ad1000 	C:\Program Files\Android\Android Studio\jre\bin\verify.dll
0x00007ffd15df0000 - 0x00007ffd16011000 	C:\WINDOWS\SYSTEM32\DBGHELP.DLL
0x00007ffd03fe0000 - 0x00007ffd04011000 	C:\WINDOWS\SYSTEM32\dbgcore.DLL
0x00007ffd181c0000 - 0x00007ffd1823f000 	C:\WINDOWS\System32\bcryptPrimitives.dll
0x00007ffd099c0000 - 0x00007ffd099e9000 	C:\Program Files\Android\Android Studio\jre\bin\java.dll
0x00007ffd148d0000 - 0x00007ffd148db000 	C:\Program Files\Android\Android Studio\jre\bin\jimage.dll
0x00007ffd08560000 - 0x00007ffd08578000 	C:\Program Files\Android\Android Studio\jre\bin\zip.dll
0x00007ffd1a1b0000 - 0x00007ffd1a95e000 	C:\WINDOWS\System32\SHELL32.dll
0x00007ffd162d0000 - 0x00007ffd16b38000 	C:\WINDOWS\SYSTEM32\windows.storage.dll
0x00007ffd19160000 - 0x00007ffd194d8000 	C:\WINDOWS\System32\combase.dll
0x00007ffd16050000 - 0x00007ffd161b6000 	C:\WINDOWS\SYSTEM32\wintypes.dll
0x00007ffd1a060000 - 0x00007ffd1a14a000 	C:\WINDOWS\System32\SHCORE.dll
0x00007ffd1a150000 - 0x00007ffd1a1ad000 	C:\WINDOWS\System32\shlwapi.dll
0x00007ffd18080000 - 0x00007ffd180a1000 	C:\WINDOWS\SYSTEM32\profapi.dll
0x00007ffd06f00000 - 0x00007ffd06f1a000 	C:\Program Files\Android\Android Studio\jre\bin\net.dll
0x00007ffd11480000 - 0x00007ffd1158c000 	C:\WINDOWS\SYSTEM32\WINHTTP.dll
0x00007ffd17770000 - 0x00007ffd177d7000 	C:\WINDOWS\system32\mswsock.dll
0x00007ffd060a0000 - 0x00007ffd060b4000 	C:\Program Files\Android\Android Studio\jre\bin\nio.dll
0x00007ffd05890000 - 0x00007ffd058b6000 	C:\Users\Digitaez\.gradle\native\fdc75f09e3144964f2cf3f50f0aa648679c211496f362492102eb8c894070792\windows-amd64\native-platform.dll
0x00007ffce4f20000 - 0x00007ffce50b1000 	C:\Users\Digitaez\.gradle\native\12488b8bf47d2d4c9fbf2f6322a914ad602e24e48041cd04a747c6da556b65c4\windows-amd64\native-platform-file-events.dll
0x00007ffd12fc0000 - 0x00007ffd12fca000 	C:\Program Files\Android\Android Studio\jre\bin\management.dll
0x00007ffd12340000 - 0x00007ffd1234c000 	C:\Program Files\Android\Android Studio\jre\bin\management_ext.dll
0x00007ffd179b0000 - 0x00007ffd179c8000 	C:\WINDOWS\SYSTEM32\CRYPTSP.dll
0x00007ffd172a0000 - 0x00007ffd172d5000 	C:\WINDOWS\system32\rsaenh.dll
0x00007ffd17860000 - 0x00007ffd17889000 	C:\WINDOWS\SYSTEM32\USERENV.dll
0x00007ffd17b30000 - 0x00007ffd17b57000 	C:\WINDOWS\SYSTEM32\bcrypt.dll
0x00007ffd179d0000 - 0x00007ffd179dc000 	C:\WINDOWS\SYSTEM32\CRYPTBASE.dll
0x00007ffd16e60000 - 0x00007ffd16e8d000 	C:\WINDOWS\SYSTEM32\IPHLPAPI.DLL
0x00007ffd19bd0000 - 0x00007ffd19bd9000 	C:\WINDOWS\System32\NSI.dll
0x00007ffd11460000 - 0x00007ffd11479000 	C:\WINDOWS\SYSTEM32\dhcpcsvc6.DLL
0x00007ffd11990000 - 0x00007ffd119ae000 	C:\WINDOWS\SYSTEM32\dhcpcsvc.DLL
0x00007ffd16e90000 - 0x00007ffd16f77000 	C:\WINDOWS\SYSTEM32\DNSAPI.dll
0x00007ffd11000000 - 0x00007ffd1100c000 	C:\WINDOWS\SYSTEM32\WINNSI.DLL

dbghelp: loaded successfully - version: 4.0.5 - missing functions: none
symbol engine: initialized successfully - sym options: 0x614 - pdb path: .;C:\Program Files\Android\Android Studio\jre\bin;C:\WINDOWS\SYSTEM32;C:\WINDOWS\WinSxS\amd64_microsoft.windows.common-controls_6595b64144ccf1df_6.0.22000.120_none_9d947278b86cc467;C:\Program Files\Android\Android Studio\jre\bin\server;C:\Users\Digitaez\.gradle\native\fdc75f09e3144964f2cf3f50f0aa648679c211496f362492102eb8c894070792\windows-amd64;C:\Users\Digitaez\.gradle\native\12488b8bf47d2d4c9fbf2f6322a914ad602e24e48041cd04a747c6da556b65c4\windows-amd64

VM Arguments:
jvm_args: -Dorg.gradle.appname=gradlew 
java_command: org.gradle.wrapper.GradleWrapperMain -q -Ptarget-platform=android-arm64 -Ptarget=D:\Flutter Insigniapp\digitaez-office-app\lib\main.dart -Pbase-application-name=android.app.Application -Pdart-defines=Zmx1dHRlci5pbnNwZWN0b3Iuc3RydWN0dXJlZEVycm9ycz10cnVl,RkxVVFRFUl9XRUJfQVVUT19ERVRFQ1Q9dHJ1ZQ== -Pdart-obfuscation=false -Ptrack-widget-creation=true -Ptree-shake-icons=false -Pfilesystem-scheme=org-dartlang-root assembleDebug
java_class_path (initial): D:\Flutter Insigniapp\digitaez-office-app\android\\gradle\wrapper\gradle-wrapper.jar
Launcher Type: SUN_STANDARD

[Global flags]
     intx CICompilerCount                          = 3                                         {product} {ergonomic}
     uint ConcGCThreads                            = 1                                         {product} {ergonomic}
     uint G1ConcRefinementThreads                  = 4                                         {product} {ergonomic}
   size_t G1HeapRegionSize                         = 1048576                                   {product} {ergonomic}
    uintx GCDrainStackTargetSize                   = 64                                        {product} {ergonomic}
   size_t InitialHeapSize                          = 130023424                                 {product} {ergonomic}
   size_t MarkStackSize                            = 4194304                                   {product} {ergonomic}
   size_t MaxHeapSize                              = 2061500416                                {product} {ergonomic}
   size_t MaxNewSize                               = 1236271104                                {product} {ergonomic}
   size_t MinHeapDeltaBytes                        = 1048576                                   {product} {ergonomic}
    uintx NonNMethodCodeHeapSize                   = 5830732                                {pd product} {ergonomic}
    uintx NonProfiledCodeHeapSize                  = 122913754                              {pd product} {ergonomic}
    uintx ProfiledCodeHeapSize                     = 122913754                              {pd product} {ergonomic}
    uintx ReservedCodeCacheSize                    = 251658240                              {pd product} {ergonomic}
     bool SegmentedCodeCache                       = true                                      {product} {ergonomic}
     bool UseCompressedClassPointers               = true                                 {lp64_product} {ergonomic}
     bool UseCompressedOops                        = true                                 {lp64_product} {ergonomic}
     bool UseG1GC                                  = true                                      {product} {ergonomic}
     bool UseLargePagesIndividualAllocation        = false                                  {pd product} {ergonomic}

Logging:
Log output configuration:
 #0: stdout all=warning uptime,level,tags
 #1: stderr all=off uptime,level,tags

Environment Variables:
JAVA_HOME=C:\Program Files\Android\Android Studio\jre
CLASSPATH=D:\Flutter Insigniapp\digitaez-office-app\android\\gradle\wrapper\gradle-wrapper.jar
PATH=C:\ProgramData\Oracle\Java\javapath;C:\Program Files\Common Files\Oracle\Java\javapath;C:\Program Files (x86)\Common Files\Oracle\Java\javapath;C:\WINDOWS\system32;C:\WINDOWS;C:\WINDOWS\System32\Wbem;C:\WINDOWS\System32\WindowsPowerShell\v1.0\;C:\WINDOWS\System32\OpenSSH\;C:\Program Files\Git\cmd;C:\Program Files\nodejs\;D:\src\flutter\.pub-cache\bin;C:\Program Files\Java\jdk-17.0.1\bin;C:\Users\Digitaez\AppData\Local\Microsoft\WindowsApps;C:\Users\Digitaez\AppData\Local\Programs\Microsoft VS Code\bin;C:\Users\Digitaez\AppData\Roaming\npm;C:\Program Files\Java\jdk-17.0.1;D:\src\flutter\flutter\bin;;D:\src\flutter\flutter\bin\mingit\cmd
USERNAME=Digitaez
OS=Windows_NT
PROCESSOR_IDENTIFIER=Intel64 Family 6 Model 78 Stepping 3, GenuineIntel



---------------  S Y S T E M  ---------------

OS: Windows 10 , 64 bit Build 22000 (10.0.22000.434)
OS uptime: 1 days 4:35 hours

CPU:total 4 (initial active 4) (2 cores per cpu, 2 threads per core) family 6 model 78 stepping 3 microcode 0xd6, cmov, cx8, fxsr, mmx, sse, sse2, sse3, ssse3, sse4.1, sse4.2, popcnt, avx, avx2, aes, clmul, erms, rtm, 3dnowpref, lzcnt, ht, tsc, tscinvbit, bmi1, bmi2, adx, fma

Memory: 4k page, system-wide physical 7860M (351M free)
TotalPageFile size 20229M (AvailPageFile size 0M)
current process WorkingSet (physical memory assigned to process): 80M, peak: 83M
current process commit charge ("private bytes"): 210M, peak: 213M

vm_info: OpenJDK 64-Bit Server VM (11.0.10+0-b96-7249189) for windows-amd64 JRE (11.0.10+0-b96-7249189), built on Mar 31 2021 21:44:00 by "builder" with MS VC++ 14.0 (VS2015)

END.
